<?xml version="1.0" encoding="UTF-8"?>
<testsuite xmlns:xsi="http://www.w3.org/2001/XMLSchema-instance" xsi:noNamespaceSchemaLocation="https://maven.apache.org/surefire/maven-surefire-plugin/xsd/surefire-test-report.xsd" name="com.kanakis.resilient.perses.restore.TestRestore" time="0.098" tests="2" errors="0" skipped="0" failures="0">
  <properties>
    <property name="gopherProxySet" value="false"/>
    <property name="awt.toolkit" value="sun.lwawt.macosx.LWCToolkit"/>
    <property name="java.specification.version" value="11"/>
    <property name="sun.cpu.isalist" value=""/>
    <property name="sun.jnu.encoding" value="UTF-8"/>
    <property name="java.class.path" value="/Users/nikolaoskanakis/Documents/projects/Perses/target/test-classes:/Users/nikolaoskanakis/Documents/projects/Perses/target/classes:/Users/nikolaoskanakis/.m2/repository/javassist/javassist/3.12.1.GA/javassist-3.12.1.GA.jar:/Users/nikolaoskanakis/.m2/repository/junit/junit/4.12/junit-4.12.jar:/Users/nikolaoskanakis/.m2/repository/org/hamcrest/hamcrest-core/1.3/hamcrest-core-1.3.jar:"/>
    <property name="java.vm.vendor" value="Oracle Corporation"/>
    <property name="sun.arch.data.model" value="64"/>
    <property name="java.vendor.url" value="http://java.oracle.com/"/>
    <property name="user.timezone" value=""/>
    <property name="java.vm.specification.version" value="11"/>
    <property name="os.name" value="Mac OS X"/>
    <property name="sun.java.launcher" value="SUN_STANDARD"/>
    <property name="user.country" value="GB"/>
    <property name="sun.boot.library.path" value="/Library/Java/JavaVirtualMachines/jdk-11.0.3.jdk/Contents/Home/lib"/>
    <property name="sun.java.command" value="/Users/nikolaoskanakis/Documents/projects/Perses/target/surefire/surefirebooter12765669643954506467.jar /Users/nikolaoskanakis/Documents/projects/Perses/target/surefire 2019-04-17T23-25-47_383-jvmRun1 surefire10227339151114411541tmp surefire_09907247827803169515tmp"/>
    <property name="http.nonProxyHosts" value="local|*.local|169.254/16|*.169.254/16"/>
    <property name="jdk.debug" value="release"/>
    <property name="surefire.test.class.path" value="/Users/nikolaoskanakis/Documents/projects/Perses/target/test-classes:/Users/nikolaoskanakis/Documents/projects/Perses/target/classes:/Users/nikolaoskanakis/.m2/repository/javassist/javassist/3.12.1.GA/javassist-3.12.1.GA.jar:/Users/nikolaoskanakis/.m2/repository/junit/junit/4.12/junit-4.12.jar:/Users/nikolaoskanakis/.m2/repository/org/hamcrest/hamcrest-core/1.3/hamcrest-core-1.3.jar:"/>
    <property name="sun.cpu.endian" value="little"/>
    <property name="user.home" value="/Users/nikolaoskanakis"/>
    <property name="user.language" value="en"/>
    <property name="java.specification.vendor" value="Oracle Corporation"/>
    <property name="java.version.date" value="2019-04-16"/>
    <property name="java.home" value="/Library/Java/JavaVirtualMachines/jdk-11.0.3.jdk/Contents/Home"/>
    <property name="file.separator" value="/"/>
    <property name="basedir" value="/Users/nikolaoskanakis/Documents/projects/Perses"/>
    <property name="java.vm.compressedOopsMode" value="Zero based"/>
    <property name="line.separator" value="&#10;"/>
    <property name="java.specification.name" value="Java Platform API Specification"/>
    <property name="java.vm.specification.vendor" value="Oracle Corporation"/>
    <property name="jdk.attach.allowAttachSelf" value=""/>
    <property name="java.awt.graphicsenv" value="sun.awt.CGraphicsEnvironment"/>
    <property name="surefire.real.class.path" value="/Users/nikolaoskanakis/Documents/projects/Perses/target/surefire/surefirebooter12765669643954506467.jar"/>
    <property name="sun.management.compiler" value="HotSpot 64-Bit Tiered Compilers"/>
    <property name="ftp.nonProxyHosts" value="local|*.local|169.254/16|*.169.254/16"/>
    <property name="java.runtime.version" value="11.0.3+12-LTS"/>
    <property name="user.name" value="nikolaoskanakis"/>
    <property name="path.separator" value=":"/>
    <property name="os.version" value="10.14.4"/>
    <property name="java.runtime.name" value="Java(TM) SE Runtime Environment"/>
    <property name="file.encoding" value="UTF-8"/>
    <property name="java.vm.name" value="Java HotSpot(TM) 64-Bit Server VM"/>
    <property name="java.vendor.version" value="18.9"/>
    <property name="localRepository" value="/Users/nikolaoskanakis/.m2/repository"/>
    <property name="java.vendor.url.bug" value="http://bugreport.java.com/bugreport/"/>
    <property name="java.io.tmpdir" value="/var/folders/57/jk14036x7txgjfkwjl063dhc0000gn/T/"/>
    <property name="java.version" value="11.0.3"/>
    <property name="user.dir" value="/Users/nikolaoskanakis/Documents/projects/Perses"/>
    <property name="os.arch" value="x86_64"/>
    <property name="java.vm.specification.name" value="Java Virtual Machine Specification"/>
    <property name="java.awt.printerjob" value="sun.lwawt.macosx.CPrinterJob"/>
    <property name="sun.os.patch.level" value="unknown"/>
    <property name="java.library.path" value="/Users/nikolaoskanakis/Library/Java/Extensions:/Library/Java/Extensions:/Network/Library/Java/Extensions:/System/Library/Java/Extensions:/usr/lib/java:."/>
    <property name="java.vendor" value="Oracle Corporation"/>
    <property name="java.vm.info" value="mixed mode"/>
    <property name="java.vm.version" value="11.0.3+12-LTS"/>
    <property name="sun.io.unicode.encoding" value="UnicodeBig"/>
    <property name="java.class.version" value="55.0"/>
    <property name="socksNonProxyHosts" value="local|*.local|169.254/16|*.169.254/16"/>
  </properties>
  <testcase name="should_not_throw_exception_after_method_restored" classname="com.kanakis.resilient.perses.restore.TestRestore" time="0.029"/>
  <testcase name="should_not_delay_after_method_restored" classname="com.kanakis.resilient.perses.restore.TestRestore" time="0.03"/>
</testsuite>